/home/sumukha/ros2_ws/install/my_robot_controller/lib/python3.10/site-packages/my_robot_controller/turtle_Circle.py
/home/sumukha/ros2_ws/install/my_robot_controller/lib/python3.10/site-packages/my_robot_controller/subscriber.py
/home/sumukha/ros2_ws/install/my_robot_controller/lib/python3.10/site-packages/my_robot_controller/turtle_control.py
/home/sumukha/ros2_ws/install/my_robot_controller/lib/python3.10/site-packages/my_robot_controller/turtle_Traingle.py
/home/sumukha/ros2_ws/install/my_robot_controller/lib/python3.10/site-packages/my_robot_controller/square.py
/home/sumukha/ros2_ws/install/my_robot_controller/lib/python3.10/site-packages/my_robot_controller/my_first_node.py
/home/sumukha/ros2_ws/install/my_robot_controller/lib/python3.10/site-packages/my_robot_controller/three_node.py
/home/sumukha/ros2_ws/install/my_robot_controller/lib/python3.10/site-packages/my_robot_controller/spiral.py
/home/sumukha/ros2_ws/install/my_robot_controller/lib/python3.10/site-packages/my_robot_controller/spawn_kill.py
/home/sumukha/ros2_ws/install/my_robot_controller/lib/python3.10/site-packages/my_robot_controller/spawn.py
/home/sumukha/ros2_ws/install/my_robot_controller/lib/python3.10/site-packages/my_robot_controller/__init__.py
/home/sumukha/ros2_ws/install/my_robot_controller/lib/python3.10/site-packages/my_robot_controller/pub.py
/home/sumukha/ros2_ws/install/my_robot_controller/lib/python3.10/site-packages/my_robot_controller/__pycache__/turtle_Circle.cpython-310.pyc
/home/sumukha/ros2_ws/install/my_robot_controller/lib/python3.10/site-packages/my_robot_controller/__pycache__/subscriber.cpython-310.pyc
/home/sumukha/ros2_ws/install/my_robot_controller/lib/python3.10/site-packages/my_robot_controller/__pycache__/turtle_control.cpython-310.pyc
/home/sumukha/ros2_ws/install/my_robot_controller/lib/python3.10/site-packages/my_robot_controller/__pycache__/turtle_Traingle.cpython-310.pyc
/home/sumukha/ros2_ws/install/my_robot_controller/lib/python3.10/site-packages/my_robot_controller/__pycache__/square.cpython-310.pyc
/home/sumukha/ros2_ws/install/my_robot_controller/lib/python3.10/site-packages/my_robot_controller/__pycache__/my_first_node.cpython-310.pyc
/home/sumukha/ros2_ws/install/my_robot_controller/lib/python3.10/site-packages/my_robot_controller/__pycache__/three_node.cpython-310.pyc
/home/sumukha/ros2_ws/install/my_robot_controller/lib/python3.10/site-packages/my_robot_controller/__pycache__/spiral.cpython-310.pyc
/home/sumukha/ros2_ws/install/my_robot_controller/lib/python3.10/site-packages/my_robot_controller/__pycache__/spawn_kill.cpython-310.pyc
/home/sumukha/ros2_ws/install/my_robot_controller/lib/python3.10/site-packages/my_robot_controller/__pycache__/spawn.cpython-310.pyc
/home/sumukha/ros2_ws/install/my_robot_controller/lib/python3.10/site-packages/my_robot_controller/__pycache__/__init__.cpython-310.pyc
/home/sumukha/ros2_ws/install/my_robot_controller/lib/python3.10/site-packages/my_robot_controller/__pycache__/pub.cpython-310.pyc
/home/sumukha/ros2_ws/install/my_robot_controller/share/ament_index/resource_index/packages/my_robot_controller
/home/sumukha/ros2_ws/install/my_robot_controller/share/my_robot_controller/package.xml
/home/sumukha/ros2_ws/install/my_robot_controller/share/my_robot_controller/pub.launch.py
/home/sumukha/ros2_ws/install/my_robot_controller/lib/python3.10/site-packages/my_robot_controller-0.0.0-py3.10.egg-info/entry_points.txt
/home/sumukha/ros2_ws/install/my_robot_controller/lib/python3.10/site-packages/my_robot_controller-0.0.0-py3.10.egg-info/zip-safe
/home/sumukha/ros2_ws/install/my_robot_controller/lib/python3.10/site-packages/my_robot_controller-0.0.0-py3.10.egg-info/PKG-INFO
/home/sumukha/ros2_ws/install/my_robot_controller/lib/python3.10/site-packages/my_robot_controller-0.0.0-py3.10.egg-info/dependency_links.txt
/home/sumukha/ros2_ws/install/my_robot_controller/lib/python3.10/site-packages/my_robot_controller-0.0.0-py3.10.egg-info/top_level.txt
/home/sumukha/ros2_ws/install/my_robot_controller/lib/python3.10/site-packages/my_robot_controller-0.0.0-py3.10.egg-info/SOURCES.txt
/home/sumukha/ros2_ws/install/my_robot_controller/lib/python3.10/site-packages/my_robot_controller-0.0.0-py3.10.egg-info/requires.txt
/home/sumukha/ros2_ws/install/my_robot_controller/lib/my_robot_controller/Pub_node
/home/sumukha/ros2_ws/install/my_robot_controller/lib/my_robot_controller/circle
/home/sumukha/ros2_ws/install/my_robot_controller/lib/my_robot_controller/node
/home/sumukha/ros2_ws/install/my_robot_controller/lib/my_robot_controller/node01
/home/sumukha/ros2_ws/install/my_robot_controller/lib/my_robot_controller/spawn_killer
/home/sumukha/ros2_ws/install/my_robot_controller/lib/my_robot_controller/spiral
/home/sumukha/ros2_ws/install/my_robot_controller/lib/my_robot_controller/square
/home/sumukha/ros2_ws/install/my_robot_controller/lib/my_robot_controller/sub_node
/home/sumukha/ros2_ws/install/my_robot_controller/lib/my_robot_controller/test_node
/home/sumukha/ros2_ws/install/my_robot_controller/lib/my_robot_controller/traingle
/home/sumukha/ros2_ws/install/my_robot_controller/lib/my_robot_controller/turtle_control
