[0.897s] Invoking command in '/home/sumukha/ros2_ws/build/my_robot_controller': PYTHONPATH=/home/sumukha/ros2_ws/build/my_robot_controller/prefix_override:/home/sumukha/ros2_ws/install/my_robot_controller/lib/python3.10/site-packages:${PYTHONPATH} /usr/bin/python3 setup.py develop --uninstall --editable --build-directory /home/sumukha/ros2_ws/build/my_robot_controller/build
[1.193s] running develop
[1.411s] Invoked command in '/home/sumukha/ros2_ws/build/my_robot_controller' returned '0': PYTHONPATH=/home/sumukha/ros2_ws/build/my_robot_controller/prefix_override:/home/sumukha/ros2_ws/install/my_robot_controller/lib/python3.10/site-packages:${PYTHONPATH} /usr/bin/python3 setup.py develop --uninstall --editable --build-directory /home/sumukha/ros2_ws/build/my_robot_controller/build
[1.412s] Invoking command in '/home/sumukha/ros2_ws/src/my_robot_controller': PYTHONPATH=/home/sumukha/ros2_ws/build/my_robot_controller/prefix_override:/home/sumukha/ros2_ws/install/my_robot_controller/lib/python3.10/site-packages:${PYTHONPATH} /usr/bin/python3 setup.py egg_info --egg-base ../../build/my_robot_controller build --build-base /home/sumukha/ros2_ws/build/my_robot_controller/build install --record /home/sumukha/ros2_ws/build/my_robot_controller/install.log --single-version-externally-managed
[1.681s] running egg_info
[1.682s] writing ../../build/my_robot_controller/my_robot_controller.egg-info/PKG-INFO
[1.683s] writing dependency_links to ../../build/my_robot_controller/my_robot_controller.egg-info/dependency_links.txt
[1.683s] writing entry points to ../../build/my_robot_controller/my_robot_controller.egg-info/entry_points.txt
[1.687s] writing requirements to ../../build/my_robot_controller/my_robot_controller.egg-info/requires.txt
[1.687s] writing top-level names to ../../build/my_robot_controller/my_robot_controller.egg-info/top_level.txt
[1.687s] reading manifest file '../../build/my_robot_controller/my_robot_controller.egg-info/SOURCES.txt'
[1.687s] writing manifest file '../../build/my_robot_controller/my_robot_controller.egg-info/SOURCES.txt'
[1.687s] running build
[1.688s] running build_py
[1.688s] running install
[1.689s] running install_lib
[1.690s] running install_data
[1.691s] running install_egg_info
[1.692s] removing '/home/sumukha/ros2_ws/install/my_robot_controller/lib/python3.10/site-packages/my_robot_controller-0.0.0-py3.10.egg-info' (and everything under it)
[1.701s] Copying ../../build/my_robot_controller/my_robot_controller.egg-info to /home/sumukha/ros2_ws/install/my_robot_controller/lib/python3.10/site-packages/my_robot_controller-0.0.0-py3.10.egg-info
[1.703s] running install_scripts
[1.726s] Installing Pub_node script to /home/sumukha/ros2_ws/install/my_robot_controller/lib/my_robot_controller
[1.726s] Installing circle script to /home/sumukha/ros2_ws/install/my_robot_controller/lib/my_robot_controller
[1.726s] Installing node script to /home/sumukha/ros2_ws/install/my_robot_controller/lib/my_robot_controller
[1.727s] Installing spawn script to /home/sumukha/ros2_ws/install/my_robot_controller/lib/my_robot_controller
[1.727s] Installing spawn_killer script to /home/sumukha/ros2_ws/install/my_robot_controller/lib/my_robot_controller
[1.727s] Installing sub_node script to /home/sumukha/ros2_ws/install/my_robot_controller/lib/my_robot_controller
[1.727s] Installing test_node script to /home/sumukha/ros2_ws/install/my_robot_controller/lib/my_robot_controller
[1.728s] Installing traingle script to /home/sumukha/ros2_ws/install/my_robot_controller/lib/my_robot_controller
[1.728s] Installing turtle_control script to /home/sumukha/ros2_ws/install/my_robot_controller/lib/my_robot_controller
[1.729s] writing list of installed files to '/home/sumukha/ros2_ws/build/my_robot_controller/install.log'
[1.767s] Invoked command in '/home/sumukha/ros2_ws/src/my_robot_controller' returned '0': PYTHONPATH=/home/sumukha/ros2_ws/build/my_robot_controller/prefix_override:/home/sumukha/ros2_ws/install/my_robot_controller/lib/python3.10/site-packages:${PYTHONPATH} /usr/bin/python3 setup.py egg_info --egg-base ../../build/my_robot_controller build --build-base /home/sumukha/ros2_ws/build/my_robot_controller/build install --record /home/sumukha/ros2_ws/build/my_robot_controller/install.log --single-version-externally-managed
