-- The C compiler identification is GNU 11.3.0
-- The CXX compiler identification is GNU 11.3.0
-- Detecting C compiler ABI info
-- Detecting C compiler ABI info - done
-- Check for working C compiler: /usr/bin/cc - skipped
-- Detecting C compile features
-- Detecting C compile features - done
-- Detecting CXX compiler ABI info
-- Detecting CXX compiler ABI info - done
-- Check for working CXX compiler: /usr/bin/c++ - skipped
-- Detecting CXX compile features
-- Detecting CXX compile features - done
-- Found ament_cmake: 1.3.3 (/opt/ros/humble/share/ament_cmake/cmake)
-- Found Python3: /usr/bin/python3.10 (found version "3.10.6") found components: Interpreter 
-- Found ament_lint_auto: 0.12.5 (/opt/ros/humble/share/ament_lint_auto/cmake)
-- Configuring done
-- Generating done
-- Build files have been written to: /home/sumukha/ros2_ws/build/roBo_ASSEMBLY
-- Install configuration: ""
-- Installing: /home/sumukha/ros2_ws/install/roBo_ASSEMBLY/share/roBo_ASSEMBLY/config
-- Installing: /home/sumukha/ros2_ws/install/roBo_ASSEMBLY/share/roBo_ASSEMBLY/config/joint_names_roBo_ASSEMBLY.yaml
