[0.037s] Invoking command in '/home/sumukha/ros2_ws/build/RoBo_Screen_ASSEMBLY': /usr/bin/cmake /home/sumukha/ros2_ws/src/RoBo_Screen_ASSEMBLY -DCATKIN_INSTALL_INTO_PREFIX_ROOT=0 -DCMAKE_INSTALL_PREFIX=/home/sumukha/ros2_ws/install/RoBo_Screen_ASSEMBLY
[0.080s] -- Found ament_cmake: 1.3.3 (/opt/ros/humble/share/ament_cmake/cmake)
[0.281s] -- Found Python3: /usr/bin/python3.10 (found version "3.10.6") found components: Interpreter 
[0.456s] -- Found ament_lint_auto: 0.12.5 (/opt/ros/humble/share/ament_lint_auto/cmake)
[0.515s] WARNING: Package name "RoBo_Screen_ASSEMBLY" does not follow the naming conventions. It should start with a lower case letter and only contain lower case letters, digits, underscores, and dashes.
[0.541s] -- Configuring done
[0.546s] -- Generating done
[0.547s] -- Build files have been written to: /home/sumukha/ros2_ws/build/RoBo_Screen_ASSEMBLY
[0.554s] Invoked command in '/home/sumukha/ros2_ws/build/RoBo_Screen_ASSEMBLY' returned '0': /usr/bin/cmake /home/sumukha/ros2_ws/src/RoBo_Screen_ASSEMBLY -DCATKIN_INSTALL_INTO_PREFIX_ROOT=0 -DCMAKE_INSTALL_PREFIX=/home/sumukha/ros2_ws/install/RoBo_Screen_ASSEMBLY
[0.555s] Invoking command in '/home/sumukha/ros2_ws/build/RoBo_Screen_ASSEMBLY': /usr/bin/cmake --build /home/sumukha/ros2_ws/build/RoBo_Screen_ASSEMBLY -- -j2 -l2
[0.592s] Invoked command in '/home/sumukha/ros2_ws/build/RoBo_Screen_ASSEMBLY' returned '0': /usr/bin/cmake --build /home/sumukha/ros2_ws/build/RoBo_Screen_ASSEMBLY -- -j2 -l2
[0.646s] Invoking command in '/home/sumukha/ros2_ws/build/RoBo_Screen_ASSEMBLY': /usr/bin/cmake --install /home/sumukha/ros2_ws/build/RoBo_Screen_ASSEMBLY
[0.656s] -- Install configuration: ""
[0.656s] -- Installing: /home/sumukha/ros2_ws/install/RoBo_Screen_ASSEMBLY/share/RoBo_Screen_ASSEMBLY/config
[0.656s] -- Installing: /home/sumukha/ros2_ws/install/RoBo_Screen_ASSEMBLY/share/RoBo_Screen_ASSEMBLY/config/joint_names_RoBo_Screen_ASSEMBLY.yaml
[0.656s] [31mCMake Error at cmake_install.cmake:46 (file):
[0.656s]   file INSTALL cannot find
[0.656s]   "/home/sumukha/ros2_ws/src/RoBo_Screen_ASSEMBLY/description": No such file
[0.657s]   or directory.
[0.657s] 
[0.657s] [0m
[0.658s] Invoked command in '/home/sumukha/ros2_ws/build/RoBo_Screen_ASSEMBLY' returned '1': /usr/bin/cmake --install /home/sumukha/ros2_ws/build/RoBo_Screen_ASSEMBLY
