[0.334s] Invoking command in '/home/sumukha/ros2_ws/build/roboassembly': /usr/bin/cmake /home/sumukha/ros2_ws/src/roboassembly -DCATKIN_INSTALL_INTO_PREFIX_ROOT=0 -DCMAKE_INSTALL_PREFIX=/home/sumukha/ros2_ws/install/roboassembly
[0.407s] -- The C compiler identification is GNU 11.3.0
[0.476s] -- The CXX compiler identification is GNU 11.3.0
[0.485s] -- Detecting C compiler ABI info
[0.570s] -- Detecting C compiler ABI info - done
[0.577s] -- Check for working C compiler: /usr/bin/cc - skipped
[0.578s] -- Detecting C compile features
[0.578s] -- Detecting C compile features - done
[0.583s] -- Detecting CXX compiler ABI info
[0.675s] -- Detecting CXX compiler ABI info - done
[0.679s] -- Check for working CXX compiler: /usr/bin/c++ - skipped
[0.679s] -- Detecting CXX compile features
[0.680s] -- Detecting CXX compile features - done
[0.682s] -- Found ament_cmake: 1.3.3 (/opt/ros/humble/share/ament_cmake/cmake)
[0.865s] -- Found Python3: /usr/bin/python3.10 (found version "3.10.6") found components: Interpreter 
[0.941s] -- Found ament_lint_auto: 0.12.5 (/opt/ros/humble/share/ament_lint_auto/cmake)
[1.011s] -- Configuring done
[1.013s] -- Generating done
[1.014s] [33mCMake Warning:
[1.014s]   Manually-specified variables were not used by the project:
[1.015s] 
[1.015s]     CATKIN_INSTALL_INTO_PREFIX_ROOT
[1.015s] 
[1.015s] [0m
[1.016s] -- Build files have been written to: /home/sumukha/ros2_ws/build/roboassembly
[1.021s] Invoked command in '/home/sumukha/ros2_ws/build/roboassembly' returned '0': /usr/bin/cmake /home/sumukha/ros2_ws/src/roboassembly -DCATKIN_INSTALL_INTO_PREFIX_ROOT=0 -DCMAKE_INSTALL_PREFIX=/home/sumukha/ros2_ws/install/roboassembly
[1.023s] Invoking command in '/home/sumukha/ros2_ws/build/roboassembly': /usr/bin/cmake --build /home/sumukha/ros2_ws/build/roboassembly -- -j2 -l2
[1.063s] Invoked command in '/home/sumukha/ros2_ws/build/roboassembly' returned '0': /usr/bin/cmake --build /home/sumukha/ros2_ws/build/roboassembly -- -j2 -l2
[1.111s] Invoking command in '/home/sumukha/ros2_ws/build/roboassembly': /usr/bin/cmake --install /home/sumukha/ros2_ws/build/roboassembly
[1.120s] -- Install configuration: ""
[1.120s] -- Installing: /home/sumukha/ros2_ws/install/roboassembly/share/roboassembly/config
[1.120s] -- Installing: /home/sumukha/ros2_ws/install/roboassembly/share/roboassembly/config/joint_names_roboassembly.yaml
[1.120s] [31mCMake Error at cmake_install.cmake:46 (file):
[1.120s]   file INSTALL cannot find
[1.120s]   "/home/sumukha/ros2_ws/src/roboassembly/description": No such file or
[1.120s]   directory.
[1.120s] 
[1.120s] [0m
[1.122s] Invoked command in '/home/sumukha/ros2_ws/build/roboassembly' returned '1': /usr/bin/cmake --install /home/sumukha/ros2_ws/build/roboassembly
