[0.726s] Invoking command in '/home/sumukha/ros2_ws/build/my_robot_controller': PYTHONPATH=/home/sumukha/ros2_ws/build/my_robot_controller/prefix_override:/home/sumukha/ros2_ws/install/my_robot_controller/lib/python3.10/site-packages:${PYTHONPATH} /usr/bin/python3 setup.py develop --uninstall --editable --build-directory /home/sumukha/ros2_ws/build/my_robot_controller/build
[1.014s] running develop
[1.240s] Invoked command in '/home/sumukha/ros2_ws/build/my_robot_controller' returned '0': PYTHONPATH=/home/sumukha/ros2_ws/build/my_robot_controller/prefix_override:/home/sumukha/ros2_ws/install/my_robot_controller/lib/python3.10/site-packages:${PYTHONPATH} /usr/bin/python3 setup.py develop --uninstall --editable --build-directory /home/sumukha/ros2_ws/build/my_robot_controller/build
[1.242s] Invoking command in '/home/sumukha/ros2_ws/src/my_robot_controller': PYTHONPATH=/home/sumukha/ros2_ws/build/my_robot_controller/prefix_override:/home/sumukha/ros2_ws/install/my_robot_controller/lib/python3.10/site-packages:${PYTHONPATH} /usr/bin/python3 setup.py egg_info --egg-base ../../build/my_robot_controller build --build-base /home/sumukha/ros2_ws/build/my_robot_controller/build install --record /home/sumukha/ros2_ws/build/my_robot_controller/install.log --single-version-externally-managed
[1.517s] running egg_info
[1.518s] writing ../../build/my_robot_controller/my_robot_controller.egg-info/PKG-INFO
[1.518s] writing dependency_links to ../../build/my_robot_controller/my_robot_controller.egg-info/dependency_links.txt
[1.518s] writing entry points to ../../build/my_robot_controller/my_robot_controller.egg-info/entry_points.txt
[1.518s] writing requirements to ../../build/my_robot_controller/my_robot_controller.egg-info/requires.txt
[1.518s] writing top-level names to ../../build/my_robot_controller/my_robot_controller.egg-info/top_level.txt
[1.521s] reading manifest file '../../build/my_robot_controller/my_robot_controller.egg-info/SOURCES.txt'
[1.521s] writing manifest file '../../build/my_robot_controller/my_robot_controller.egg-info/SOURCES.txt'
[1.523s] running build
[1.523s] running build_py
[1.524s] copying my_robot_controller/spawn.py -> /home/sumukha/ros2_ws/build/my_robot_controller/build/lib/my_robot_controller
[1.524s] running install
[1.524s] running install_lib
[1.524s] copying /home/sumukha/ros2_ws/build/my_robot_controller/build/lib/my_robot_controller/spawn.py -> /home/sumukha/ros2_ws/install/my_robot_controller/lib/python3.10/site-packages/my_robot_controller
[1.531s] byte-compiling /home/sumukha/ros2_ws/install/my_robot_controller/lib/python3.10/site-packages/my_robot_controller/spawn.py to spawn.cpython-310.pyc
[1.531s] running install_data
[1.531s] running install_egg_info
[1.531s] removing '/home/sumukha/ros2_ws/install/my_robot_controller/lib/python3.10/site-packages/my_robot_controller-0.0.0-py3.10.egg-info' (and everything under it)
[1.531s] Copying ../../build/my_robot_controller/my_robot_controller.egg-info to /home/sumukha/ros2_ws/install/my_robot_controller/lib/python3.10/site-packages/my_robot_controller-0.0.0-py3.10.egg-info
[1.531s] running install_scripts
[1.554s] Installing Pub_node script to /home/sumukha/ros2_ws/install/my_robot_controller/lib/my_robot_controller
[1.554s] Installing circle script to /home/sumukha/ros2_ws/install/my_robot_controller/lib/my_robot_controller
[1.555s] Installing node script to /home/sumukha/ros2_ws/install/my_robot_controller/lib/my_robot_controller
[1.555s] Installing spawn script to /home/sumukha/ros2_ws/install/my_robot_controller/lib/my_robot_controller
[1.555s] Installing spawn_killer script to /home/sumukha/ros2_ws/install/my_robot_controller/lib/my_robot_controller
[1.556s] Installing sub_node script to /home/sumukha/ros2_ws/install/my_robot_controller/lib/my_robot_controller
[1.556s] Installing test_node script to /home/sumukha/ros2_ws/install/my_robot_controller/lib/my_robot_controller
[1.556s] Installing traingle script to /home/sumukha/ros2_ws/install/my_robot_controller/lib/my_robot_controller
[1.556s] Installing turtle_control script to /home/sumukha/ros2_ws/install/my_robot_controller/lib/my_robot_controller
[1.557s] writing list of installed files to '/home/sumukha/ros2_ws/build/my_robot_controller/install.log'
[1.600s] Invoked command in '/home/sumukha/ros2_ws/src/my_robot_controller' returned '0': PYTHONPATH=/home/sumukha/ros2_ws/build/my_robot_controller/prefix_override:/home/sumukha/ros2_ws/install/my_robot_controller/lib/python3.10/site-packages:${PYTHONPATH} /usr/bin/python3 setup.py egg_info --egg-base ../../build/my_robot_controller build --build-base /home/sumukha/ros2_ws/build/my_robot_controller/build install --record /home/sumukha/ros2_ws/build/my_robot_controller/install.log --single-version-externally-managed
