running develop
running egg_info
writing ../../build/my_robot_controller/my_robot_controller.egg-info/PKG-INFO
writing dependency_links to ../../build/my_robot_controller/my_robot_controller.egg-info/dependency_links.txt
writing entry points to ../../build/my_robot_controller/my_robot_controller.egg-info/entry_points.txt
writing requirements to ../../build/my_robot_controller/my_robot_controller.egg-info/requires.txt
writing top-level names to ../../build/my_robot_controller/my_robot_controller.egg-info/top_level.txt
reading manifest file '../../build/my_robot_controller/my_robot_controller.egg-info/SOURCES.txt'
writing manifest file '../../build/my_robot_controller/my_robot_controller.egg-info/SOURCES.txt'
running build
running build_py
copying my_robot_controller/square.py -> /home/sumukha/ros2_ws/build/my_robot_controller/build/lib/my_robot_controller
running install
running install_lib
copying /home/sumukha/ros2_ws/build/my_robot_controller/build/lib/my_robot_controller/square.py -> /home/sumukha/ros2_ws/install/my_robot_controller/lib/python3.10/site-packages/my_robot_controller
byte-compiling /home/sumukha/ros2_ws/install/my_robot_controller/lib/python3.10/site-packages/my_robot_controller/square.py to square.cpython-310.pyc
running install_data
running install_egg_info
removing '/home/sumukha/ros2_ws/install/my_robot_controller/lib/python3.10/site-packages/my_robot_controller-0.0.0-py3.10.egg-info' (and everything under it)
Copying ../../build/my_robot_controller/my_robot_controller.egg-info to /home/sumukha/ros2_ws/install/my_robot_controller/lib/python3.10/site-packages/my_robot_controller-0.0.0-py3.10.egg-info
running install_scripts
Installing Pub_node script to /home/sumukha/ros2_ws/install/my_robot_controller/lib/my_robot_controller
Installing circle script to /home/sumukha/ros2_ws/install/my_robot_controller/lib/my_robot_controller
Installing node script to /home/sumukha/ros2_ws/install/my_robot_controller/lib/my_robot_controller
Installing node01 script to /home/sumukha/ros2_ws/install/my_robot_controller/lib/my_robot_controller
Installing spawn_killer script to /home/sumukha/ros2_ws/install/my_robot_controller/lib/my_robot_controller
Installing spiral script to /home/sumukha/ros2_ws/install/my_robot_controller/lib/my_robot_controller
Installing square script to /home/sumukha/ros2_ws/install/my_robot_controller/lib/my_robot_controller
Installing sub_node script to /home/sumukha/ros2_ws/install/my_robot_controller/lib/my_robot_controller
Installing test_node script to /home/sumukha/ros2_ws/install/my_robot_controller/lib/my_robot_controller
Installing traingle script to /home/sumukha/ros2_ws/install/my_robot_controller/lib/my_robot_controller
Installing turtle_control script to /home/sumukha/ros2_ws/install/my_robot_controller/lib/my_robot_controller
writing list of installed files to '/home/sumukha/ros2_ws/build/my_robot_controller/install.log'
