[0.793s] Invoking command in '/home/sumukha/ros2_ws/build/my_robot_controller': PYTHONPATH=/home/sumukha/ros2_ws/build/my_robot_controller/prefix_override:/home/sumukha/ros2_ws/install/my_robot_controller/lib/python3.10/site-packages:${PYTHONPATH} /usr/bin/python3 setup.py develop --uninstall --editable --build-directory /home/sumukha/ros2_ws/build/my_robot_controller/build
[1.094s] running develop
[1.321s] Invoked command in '/home/sumukha/ros2_ws/build/my_robot_controller' returned '0': PYTHONPATH=/home/sumukha/ros2_ws/build/my_robot_controller/prefix_override:/home/sumukha/ros2_ws/install/my_robot_controller/lib/python3.10/site-packages:${PYTHONPATH} /usr/bin/python3 setup.py develop --uninstall --editable --build-directory /home/sumukha/ros2_ws/build/my_robot_controller/build
[1.322s] Invoking command in '/home/sumukha/ros2_ws/src/my_robot_controller': PYTHONPATH=/home/sumukha/ros2_ws/build/my_robot_controller/prefix_override:/home/sumukha/ros2_ws/install/my_robot_controller/lib/python3.10/site-packages:${PYTHONPATH} /usr/bin/python3 setup.py egg_info --egg-base ../../build/my_robot_controller build --build-base /home/sumukha/ros2_ws/build/my_robot_controller/build install --record /home/sumukha/ros2_ws/build/my_robot_controller/install.log --single-version-externally-managed
[1.578s] running egg_info
[1.579s] writing ../../build/my_robot_controller/my_robot_controller.egg-info/PKG-INFO
[1.579s] writing dependency_links to ../../build/my_robot_controller/my_robot_controller.egg-info/dependency_links.txt
[1.580s] writing entry points to ../../build/my_robot_controller/my_robot_controller.egg-info/entry_points.txt
[1.580s] writing requirements to ../../build/my_robot_controller/my_robot_controller.egg-info/requires.txt
[1.580s] writing top-level names to ../../build/my_robot_controller/my_robot_controller.egg-info/top_level.txt
[1.582s] reading manifest file '../../build/my_robot_controller/my_robot_controller.egg-info/SOURCES.txt'
[1.583s] writing manifest file '../../build/my_robot_controller/my_robot_controller.egg-info/SOURCES.txt'
[1.583s] running build
[1.583s] running build_py
[1.584s] copying my_robot_controller/turtle_Traingle.py -> /home/sumukha/ros2_ws/build/my_robot_controller/build/lib/my_robot_controller
[1.584s] running install
[1.584s] running install_lib
[1.585s] copying /home/sumukha/ros2_ws/build/my_robot_controller/build/lib/my_robot_controller/turtle_Traingle.py -> /home/sumukha/ros2_ws/install/my_robot_controller/lib/python3.10/site-packages/my_robot_controller
[1.586s] byte-compiling /home/sumukha/ros2_ws/install/my_robot_controller/lib/python3.10/site-packages/my_robot_controller/turtle_Traingle.py to turtle_Traingle.cpython-310.pyc
[1.587s] running install_data
[1.587s] running install_egg_info
[1.589s] removing '/home/sumukha/ros2_ws/install/my_robot_controller/lib/python3.10/site-packages/my_robot_controller-0.0.0-py3.10.egg-info' (and everything under it)
[1.601s] Copying ../../build/my_robot_controller/my_robot_controller.egg-info to /home/sumukha/ros2_ws/install/my_robot_controller/lib/python3.10/site-packages/my_robot_controller-0.0.0-py3.10.egg-info
[1.602s] running install_scripts
[1.624s] Installing Pub_node script to /home/sumukha/ros2_ws/install/my_robot_controller/lib/my_robot_controller
[1.624s] Installing circle script to /home/sumukha/ros2_ws/install/my_robot_controller/lib/my_robot_controller
[1.625s] Installing sub_node script to /home/sumukha/ros2_ws/install/my_robot_controller/lib/my_robot_controller
[1.625s] Installing test_node script to /home/sumukha/ros2_ws/install/my_robot_controller/lib/my_robot_controller
[1.625s] Installing traingle script to /home/sumukha/ros2_ws/install/my_robot_controller/lib/my_robot_controller
[1.625s] Installing turtle_control script to /home/sumukha/ros2_ws/install/my_robot_controller/lib/my_robot_controller
[1.625s] writing list of installed files to '/home/sumukha/ros2_ws/build/my_robot_controller/install.log'
[1.668s] Invoked command in '/home/sumukha/ros2_ws/src/my_robot_controller' returned '0': PYTHONPATH=/home/sumukha/ros2_ws/build/my_robot_controller/prefix_override:/home/sumukha/ros2_ws/install/my_robot_controller/lib/python3.10/site-packages:${PYTHONPATH} /usr/bin/python3 setup.py egg_info --egg-base ../../build/my_robot_controller build --build-base /home/sumukha/ros2_ws/build/my_robot_controller/build install --record /home/sumukha/ros2_ws/build/my_robot_controller/install.log --single-version-externally-managed
