[0.044s] Invoking command in '/home/sumukha/ros2_ws/build/RoBo_Screen_ASSEMBLY': /usr/bin/cmake /home/sumukha/ros2_ws/src/RoBo_Screen_ASSEMBLY -DCATKIN_INSTALL_INTO_PREFIX_ROOT=0 -DCMAKE_INSTALL_PREFIX=/home/sumukha/ros2_ws/install/RoBo_Screen_ASSEMBLY
[0.093s] [0mCMake Deprecation Warning at CMakeLists.txt:1 (cmake_minimum_required):
[0.094s]   Compatibility with CMake < 2.8.12 will be removed from a future version of
[0.094s]   CMake.
[0.094s] 
[0.094s]   Update the VERSION argument <min> value or use a ...<max> suffix to tell
[0.094s]   CMake that the project does not need compatibility with older versions.
[0.094s] 
[0.094s] [0m
[0.243s] -- The C compiler identification is GNU 11.3.0
[0.413s] -- The CXX compiler identification is GNU 11.3.0
[0.440s] -- Detecting C compiler ABI info
[0.531s] -- Detecting C compiler ABI info - done
[0.541s] -- Check for working C compiler: /usr/bin/cc - skipped
[0.543s] -- Detecting C compile features
[0.545s] -- Detecting C compile features - done
[0.551s] -- Detecting CXX compiler ABI info
[0.642s] -- Detecting CXX compiler ABI info - done
[0.655s] -- Check for working CXX compiler: /usr/bin/c++ - skipped
[0.655s] -- Detecting CXX compile features
[0.656s] -- Detecting CXX compile features - done
[0.668s] [31mCMake Error at CMakeLists.txt:5 (find_package):
[0.668s]   By not providing "Findcatkin.cmake" in CMAKE_MODULE_PATH this project has
[0.668s]   asked CMake to find a package configuration file provided by "catkin", but
[0.668s]   CMake did not find one.
[0.669s] 
[0.669s]   Could not find a package configuration file provided by "catkin" with any
[0.669s]   of the following names:
[0.669s] 
[0.669s]     catkinConfig.cmake
[0.669s]     catkin-config.cmake
[0.669s] 
[0.669s]   Add the installation prefix of "catkin" to CMAKE_PREFIX_PATH or set
[0.669s]   "catkin_DIR" to a directory containing one of the above files.  If "catkin"
[0.669s]   provides a separate development package or SDK, be sure it has been
[0.670s]   installed.
[0.670s] 
[0.670s] [0m
[0.670s] -- Configuring incomplete, errors occurred!
[0.670s] See also "/home/sumukha/ros2_ws/build/RoBo_Screen_ASSEMBLY/CMakeFiles/CMakeOutput.log".
[0.675s] Invoked command in '/home/sumukha/ros2_ws/build/RoBo_Screen_ASSEMBLY' returned '1': /usr/bin/cmake /home/sumukha/ros2_ws/src/RoBo_Screen_ASSEMBLY -DCATKIN_INSTALL_INTO_PREFIX_ROOT=0 -DCMAKE_INSTALL_PREFIX=/home/sumukha/ros2_ws/install/RoBo_Screen_ASSEMBLY
