[1.015s] Invoking command in '/home/sumukha/ros2_ws/build/my_robot_controller': PYTHONPATH=/home/sumukha/ros2_ws/build/my_robot_controller/prefix_override:/home/sumukha/ros2_ws/install/my_robot_controller/lib/python3.10/site-packages:${PYTHONPATH} /usr/bin/python3 setup.py develop --uninstall --editable --build-directory /home/sumukha/ros2_ws/build/my_robot_controller/build
[1.325s] running develop
[1.564s] Invoked command in '/home/sumukha/ros2_ws/build/my_robot_controller' returned '0': PYTHONPATH=/home/sumukha/ros2_ws/build/my_robot_controller/prefix_override:/home/sumukha/ros2_ws/install/my_robot_controller/lib/python3.10/site-packages:${PYTHONPATH} /usr/bin/python3 setup.py develop --uninstall --editable --build-directory /home/sumukha/ros2_ws/build/my_robot_controller/build
[1.564s] Invoking command in '/home/sumukha/ros2_ws/src/my_robot_controller': PYTHONPATH=/home/sumukha/ros2_ws/build/my_robot_controller/prefix_override:/home/sumukha/ros2_ws/install/my_robot_controller/lib/python3.10/site-packages:${PYTHONPATH} /usr/bin/python3 setup.py egg_info --egg-base ../../build/my_robot_controller build --build-base /home/sumukha/ros2_ws/build/my_robot_controller/build install --record /home/sumukha/ros2_ws/build/my_robot_controller/install.log --single-version-externally-managed
[1.848s] running egg_info
[1.850s] writing ../../build/my_robot_controller/my_robot_controller.egg-info/PKG-INFO
[1.852s] writing dependency_links to ../../build/my_robot_controller/my_robot_controller.egg-info/dependency_links.txt
[1.853s] writing entry points to ../../build/my_robot_controller/my_robot_controller.egg-info/entry_points.txt
[1.854s] writing requirements to ../../build/my_robot_controller/my_robot_controller.egg-info/requires.txt
[1.856s] writing top-level names to ../../build/my_robot_controller/my_robot_controller.egg-info/top_level.txt
[1.859s] reading manifest file '../../build/my_robot_controller/my_robot_controller.egg-info/SOURCES.txt'
[1.861s] writing manifest file '../../build/my_robot_controller/my_robot_controller.egg-info/SOURCES.txt'
[1.862s] running build
[1.862s] running build_py
[1.865s] copying my_robot_controller/turtle_Traingle.py -> /home/sumukha/ros2_ws/build/my_robot_controller/build/lib/my_robot_controller
[1.867s] running install
[1.871s] running install_lib
[1.871s] copying /home/sumukha/ros2_ws/build/my_robot_controller/build/lib/my_robot_controller/turtle_Traingle.py -> /home/sumukha/ros2_ws/install/my_robot_controller/lib/python3.10/site-packages/my_robot_controller
[1.871s] byte-compiling /home/sumukha/ros2_ws/install/my_robot_controller/lib/python3.10/site-packages/my_robot_controller/turtle_Traingle.py to turtle_Traingle.cpython-310.pyc
[1.871s] running install_data
[1.871s] running install_egg_info
[1.871s] removing '/home/sumukha/ros2_ws/install/my_robot_controller/lib/python3.10/site-packages/my_robot_controller-0.0.0-py3.10.egg-info' (and everything under it)
[1.885s] Copying ../../build/my_robot_controller/my_robot_controller.egg-info to /home/sumukha/ros2_ws/install/my_robot_controller/lib/python3.10/site-packages/my_robot_controller-0.0.0-py3.10.egg-info
[1.886s] running install_scripts
[1.908s] Installing Pub_node script to /home/sumukha/ros2_ws/install/my_robot_controller/lib/my_robot_controller
[1.908s] Installing circle script to /home/sumukha/ros2_ws/install/my_robot_controller/lib/my_robot_controller
[1.910s] Installing sub_node script to /home/sumukha/ros2_ws/install/my_robot_controller/lib/my_robot_controller
[1.910s] Installing test_node script to /home/sumukha/ros2_ws/install/my_robot_controller/lib/my_robot_controller
[1.910s] Installing traingle script to /home/sumukha/ros2_ws/install/my_robot_controller/lib/my_robot_controller
[1.910s] Installing turtle_control script to /home/sumukha/ros2_ws/install/my_robot_controller/lib/my_robot_controller
[1.910s] writing list of installed files to '/home/sumukha/ros2_ws/build/my_robot_controller/install.log'
[1.958s] Invoked command in '/home/sumukha/ros2_ws/src/my_robot_controller' returned '0': PYTHONPATH=/home/sumukha/ros2_ws/build/my_robot_controller/prefix_override:/home/sumukha/ros2_ws/install/my_robot_controller/lib/python3.10/site-packages:${PYTHONPATH} /usr/bin/python3 setup.py egg_info --egg-base ../../build/my_robot_controller build --build-base /home/sumukha/ros2_ws/build/my_robot_controller/build install --record /home/sumukha/ros2_ws/build/my_robot_controller/install.log --single-version-externally-managed
